<?xml version="1.0" encoding="UTF-8"?>
<!-- Generated by org.testng.reporters.JUnitXMLReporter -->
<testsuite ignored="0" hostname="Deeps" failures="0" tests="4" name="Default test" time="25.896" errors="0" timestamp="2026-04-16T23:29:05 IST">
  <testcase classname="com.srm.tests.LoginTest" name="testLogin" time="1.366"/>
  <testcase classname="com.srm.tests.LoginTest" name="testLogin" time="1.31"/>
  <testcase classname="com.srm.tests.LoginTest" name="testLogin" time="1.203"/>
  <testcase classname="com.srm.tests.LoginTest" name="testLogin" time="1.131"/>
</testsuite> <!-- Default test -->
