<?xml version="1.0" encoding="UTF-8"?>
<testng-results ignored="0" total="8" passed="7" failed="1" skipped="0">
  <reporter-output>
  </reporter-output>
  <suite started-at="2026-04-21T14:06:24 IST" name="Suite" finished-at="2026-04-21T14:07:19 IST" duration-ms="55056">
    <groups>
    </groups>
    <test started-at="2026-04-21T14:06:24 IST" name="Test" finished-at="2026-04-21T14:07:19 IST" duration-ms="55056">
      <class name="com.srm.tests.BasketTest">
        <test-method is-config="true" signature="setup()[pri:0, instance:com.srm.tests.BasketTest@3bcd05cb]" started-at="2026-04-21T14:07:00 IST" name="setup" finished-at="2026-04-21T14:07:06 IST" duration-ms="6350" status="PASS">
          <reporter-output>
          </reporter-output>
        </test-method> <!-- setup -->
        <test-method signature="testBasketFlow()[pri:0, instance:com.srm.tests.BasketTest@3bcd05cb]" started-at="2026-04-21T14:07:06 IST" name="testBasketFlow" finished-at="2026-04-21T14:07:09 IST" duration-ms="2520" status="FAIL">
          <exception class="org.openqa.selenium.NoAlertPresentException">
            <message>
              <![CDATA[no such alert
  (Session info: chrome=147.0.7727.102)
Build info: version: '4.21.0', revision: '79ed462ef4'
System info: os.name: 'Windows 11', os.arch: 'amd64', os.version: '10.0', java.version: '17.0.12'
Driver info: org.openqa.selenium.chrome.ChromeDriver
Command: [6a51169dbbcaf0c5147065479df901e4, getAlertText {}]
Capabilities {acceptInsecureCerts: false, browserName: chrome, browserVersion: 147.0.7727.102, chrome: {chromedriverVersion: 147.0.7727.57 (b4f28b5637d0..., userDataDir: C:\Users\nuvvu\AppData\Loca...}, fedcm:accounts: true, goog:chromeOptions: {debuggerAddress: localhost:51747}, goog:processID: 16624, networkConnectionEnabled: false, pageLoadStrategy: normal, platformName: windows, proxy: Proxy(), se:cdp: ws://localhost:51747/devtoo..., se:cdpVersion: 147.0.7727.102, setWindowRect: true, strictFileInteractability: false, timeouts: {implicit: 0, pageLoad: 300000, script: 30000}, unhandledPromptBehavior: dismiss and notify, webauthn:extension:credBlob: true, webauthn:extension:largeBlob: true, webauthn:extension:minPinLength: true, webauthn:extension:prf: true, webauthn:virtualAuthenticators: true}
Session ID: 6a51169dbbcaf0c5147065479df901e4]]>
            </message>
            <full-stacktrace>
              <![CDATA[org.openqa.selenium.NoAlertPresentException: no such alert
  (Session info: chrome=147.0.7727.102)
Build info: version: '4.21.0', revision: '79ed462ef4'
System info: os.name: 'Windows 11', os.arch: 'amd64', os.version: '10.0', java.version: '17.0.12'
Driver info: org.openqa.selenium.chrome.ChromeDriver
Command: [6a51169dbbcaf0c5147065479df901e4, getAlertText {}]
Capabilities {acceptInsecureCerts: false, browserName: chrome, browserVersion: 147.0.7727.102, chrome: {chromedriverVersion: 147.0.7727.57 (b4f28b5637d0..., userDataDir: C:\Users\nuvvu\AppData\Loca...}, fedcm:accounts: true, goog:chromeOptions: {debuggerAddress: localhost:51747}, goog:processID: 16624, networkConnectionEnabled: false, pageLoadStrategy: normal, platformName: windows, proxy: Proxy(), se:cdp: ws://localhost:51747/devtoo..., se:cdpVersion: 147.0.7727.102, setWindowRect: true, strictFileInteractability: false, timeouts: {implicit: 0, pageLoad: 300000, script: 30000}, unhandledPromptBehavior: dismiss and notify, webauthn:extension:credBlob: true, webauthn:extension:largeBlob: true, webauthn:extension:minPinLength: true, webauthn:extension:prf: true, webauthn:virtualAuthenticators: true}
Session ID: 6a51169dbbcaf0c5147065479df901e4
at java.base/jdk.internal.reflect.NativeConstructorAccessorImpl.newInstance0(Native Method)
at java.base/jdk.internal.reflect.NativeConstructorAccessorImpl.newInstance(NativeConstructorAccessorImpl.java:77)
at java.base/jdk.internal.reflect.DelegatingConstructorAccessorImpl.newInstance(DelegatingConstructorAccessorImpl.java:45)
at java.base/java.lang.reflect.Constructor.newInstanceWithCaller(Constructor.java:499)
at java.base/java.lang.reflect.Constructor.newInstance(Constructor.java:480)
at org.openqa.selenium.remote.ErrorCodec.decode(ErrorCodec.java:167)
at org.openqa.selenium.remote.codec.w3c.W3CHttpResponseCodec.decode(W3CHttpResponseCodec.java:138)
at org.openqa.selenium.remote.codec.w3c.W3CHttpResponseCodec.decode(W3CHttpResponseCodec.java:50)
at org.openqa.selenium.remote.HttpCommandExecutor.execute(HttpCommandExecutor.java:190)
at org.openqa.selenium.remote.service.DriverCommandExecutor.invokeExecute(DriverCommandExecutor.java:216)
at org.openqa.selenium.remote.service.DriverCommandExecutor.execute(DriverCommandExecutor.java:174)
at org.openqa.selenium.remote.RemoteWebDriver.execute(RemoteWebDriver.java:518)
at org.openqa.selenium.remote.RemoteWebDriver.execute(RemoteWebDriver.java:591)
at org.openqa.selenium.remote.RemoteWebDriver.execute(RemoteWebDriver.java:595)
at org.openqa.selenium.remote.RemoteWebDriver$RemoteTargetLocator.alert(RemoteWebDriver.java:1163)
at com.srm.pages.BasketPage.removeAllItems(BasketPage.java:59)
at com.srm.tests.BasketTest.testBasketFlow(BasketTest.java:28)
at java.base/jdk.internal.reflect.NativeMethodAccessorImpl.invoke0(Native Method)
at java.base/jdk.internal.reflect.NativeMethodAccessorImpl.invoke(NativeMethodAccessorImpl.java:77)
at java.base/jdk.internal.reflect.DelegatingMethodAccessorImpl.invoke(DelegatingMethodAccessorImpl.java:43)
at java.base/java.lang.reflect.Method.invoke(Method.java:568)
at org.testng.internal.invokers.MethodInvocationHelper.invokeMethod(MethodInvocationHelper.java:141)
at org.testng.internal.invokers.TestInvoker.invokeMethod(TestInvoker.java:686)
at org.testng.internal.invokers.TestInvoker.invokeTestMethod(TestInvoker.java:230)
at org.testng.internal.invokers.MethodRunner.runInSequence(MethodRunner.java:63)
at org.testng.internal.invokers.TestInvoker$MethodInvocationAgent.invoke(TestInvoker.java:992)
at org.testng.internal.invokers.TestInvoker.invokeTestMethods(TestInvoker.java:203)
at org.testng.internal.invokers.TestMethodWorker.invokeTestMethods(TestMethodWorker.java:154)
at org.testng.internal.invokers.TestMethodWorker.run(TestMethodWorker.java:134)
at java.base/java.util.ArrayList.forEach(ArrayList.java:1511)
at org.testng.TestRunner.privateRun(TestRunner.java:739)
at org.testng.TestRunner.run(TestRunner.java:614)
at org.testng.SuiteRunner.runTest(SuiteRunner.java:421)
at org.testng.SuiteRunner.runSequentially(SuiteRunner.java:413)
at org.testng.SuiteRunner.privateRun(SuiteRunner.java:373)
at org.testng.SuiteRunner.run(SuiteRunner.java:312)
at org.testng.SuiteRunnerWorker.runSuite(SuiteRunnerWorker.java:52)
at org.testng.SuiteRunnerWorker.run(SuiteRunnerWorker.java:95)
at org.testng.TestNG.runSuitesSequentially(TestNG.java:1274)
at org.testng.TestNG.runSuitesLocally(TestNG.java:1208)
at org.testng.TestNG.runSuites(TestNG.java:1112)
at org.testng.TestNG.run(TestNG.java:1079)
at org.testng.remote.AbstractRemoteTestNG.run(AbstractRemoteTestNG.java:115)
at org.testng.remote.RemoteTestNG.initAndRun(RemoteTestNG.java:293)
at org.testng.remote.RemoteTestNG.main(RemoteTestNG.java:91)
]]>
            </full-stacktrace>
          </exception> <!-- org.openqa.selenium.NoAlertPresentException -->
          <reporter-output>
          </reporter-output>
        </test-method> <!-- testBasketFlow -->
        <test-method is-config="true" signature="teardown()[pri:0, instance:com.srm.tests.BasketTest@3bcd05cb]" started-at="2026-04-21T14:07:09 IST" name="teardown" finished-at="2026-04-21T14:07:09 IST" duration-ms="163" status="PASS">
          <reporter-output>
          </reporter-output>
        </test-method> <!-- teardown -->
      </class> <!-- com.srm.tests.BasketTest -->
      <class name="com.srm.tests.NavigationTest">
        <test-method is-config="true" signature="setup()[pri:0, instance:com.srm.tests.NavigationTest@36804139]" started-at="2026-04-21T14:07:13 IST" name="setup" finished-at="2026-04-21T14:07:19 IST" duration-ms="5264" status="PASS">
          <reporter-output>
          </reporter-output>
        </test-method> <!-- setup -->
        <test-method signature="testNavigationModule()[pri:0, instance:com.srm.tests.NavigationTest@36804139]" started-at="2026-04-21T14:07:19 IST" name="testNavigationModule" finished-at="2026-04-21T14:07:19 IST" duration-ms="692" status="PASS">
          <reporter-output>
          </reporter-output>
        </test-method> <!-- testNavigationModule -->
        <test-method is-config="true" signature="teardown()[pri:0, instance:com.srm.tests.NavigationTest@36804139]" started-at="2026-04-21T14:07:19 IST" name="teardown" finished-at="2026-04-21T14:07:19 IST" duration-ms="174" status="PASS">
          <reporter-output>
          </reporter-output>
        </test-method> <!-- teardown -->
      </class> <!-- com.srm.tests.NavigationTest -->
      <class name="com.srm.tests.AccountTest">
        <test-method is-config="true" signature="setup()[pri:0, instance:com.srm.tests.AccountTest@17503f6b]" started-at="2026-04-21T14:06:51 IST" name="setup" finished-at="2026-04-21T14:06:59 IST" duration-ms="7862" status="PASS">
          <reporter-output>
          </reporter-output>
        </test-method> <!-- setup -->
        <test-method signature="testAccountAndOrderHistory()[pri:0, instance:com.srm.tests.AccountTest@17503f6b]" started-at="2026-04-21T14:06:59 IST" name="testAccountAndOrderHistory" finished-at="2026-04-21T14:07:00 IST" duration-ms="941" status="PASS">
          <reporter-output>
          </reporter-output>
        </test-method> <!-- testAccountAndOrderHistory -->
        <test-method is-config="true" signature="teardown()[pri:0, instance:com.srm.tests.AccountTest@17503f6b]" started-at="2026-04-21T14:07:00 IST" name="teardown" finished-at="2026-04-21T14:07:00 IST" duration-ms="201" status="PASS">
          <reporter-output>
          </reporter-output>
        </test-method> <!-- teardown -->
      </class> <!-- com.srm.tests.AccountTest -->
      <class name="com.srm.tests.LoginTest">
        <test-method is-config="true" signature="setup()[pri:0, instance:com.srm.tests.LoginTest@f68f0dc]" started-at="2026-04-21T14:06:24 IST" name="setup" finished-at="2026-04-21T14:06:28 IST" duration-ms="3468" status="PASS">
          <reporter-output>
          </reporter-output>
        </test-method> <!-- setup -->
        <test-method signature="testLogin(java.lang.String,java.lang.String,java.lang.String)[pri:0, instance:com.srm.tests.LoginTest@f68f0dc]" started-at="2026-04-21T14:06:28 IST" name="testLogin" data-provider="loginData" finished-at="2026-04-21T14:06:29 IST" duration-ms="861" status="PASS">
          <params>
            <param index="0">
              <value>
                <![CDATA[oneorder@sweetshop.local]]>
              </value>
            </param>
            <param index="1">
              <value>
                <![CDATA[qwerty]]>
              </value>
            </param>
            <param index="2">
              <value>
                <![CDATA[valid]]>
              </value>
            </param>
          </params>
          <reporter-output>
          </reporter-output>
        </test-method> <!-- testLogin -->
        <test-method is-config="true" signature="teardown()[pri:0, instance:com.srm.tests.LoginTest@f68f0dc]" started-at="2026-04-21T14:06:29 IST" name="teardown" finished-at="2026-04-21T14:06:29 IST" duration-ms="203" status="PASS">
          <reporter-output>
          </reporter-output>
        </test-method> <!-- teardown -->
        <test-method is-config="true" signature="setup()[pri:0, instance:com.srm.tests.LoginTest@f68f0dc]" started-at="2026-04-21T14:06:29 IST" name="setup" finished-at="2026-04-21T14:06:36 IST" duration-ms="7499" status="PASS">
          <reporter-output>
          </reporter-output>
        </test-method> <!-- setup -->
        <test-method signature="testLogin(java.lang.String,java.lang.String,java.lang.String)[pri:0, instance:com.srm.tests.LoginTest@f68f0dc]" started-at="2026-04-21T14:06:36 IST" name="testLogin" data-provider="loginData" finished-at="2026-04-21T14:06:37 IST" duration-ms="897" status="PASS">
          <params>
            <param index="0">
              <value>
                <![CDATA[twoorders@sweetshop.local]]>
              </value>
            </param>
            <param index="1">
              <value>
                <![CDATA[qwerty]]>
              </value>
            </param>
            <param index="2">
              <value>
                <![CDATA[valid]]>
              </value>
            </param>
          </params>
          <reporter-output>
          </reporter-output>
        </test-method> <!-- testLogin -->
        <test-method is-config="true" signature="teardown()[pri:0, instance:com.srm.tests.LoginTest@f68f0dc]" started-at="2026-04-21T14:06:37 IST" name="teardown" finished-at="2026-04-21T14:06:38 IST" duration-ms="263" status="PASS">
          <reporter-output>
          </reporter-output>
        </test-method> <!-- teardown -->
        <test-method is-config="true" signature="setup()[pri:0, instance:com.srm.tests.LoginTest@f68f0dc]" started-at="2026-04-21T14:06:38 IST" name="setup" finished-at="2026-04-21T14:06:41 IST" duration-ms="3797" status="PASS">
          <reporter-output>
          </reporter-output>
        </test-method> <!-- setup -->
        <test-method signature="testLogin(java.lang.String,java.lang.String,java.lang.String)[pri:0, instance:com.srm.tests.LoginTest@f68f0dc]" started-at="2026-04-21T14:06:41 IST" name="testLogin" data-provider="loginData" finished-at="2026-04-21T14:06:43 IST" duration-ms="1575" status="PASS">
          <params>
            <param index="0">
              <value>
                <![CDATA[fiveorders@sweetshop.local]]>
              </value>
            </param>
            <param index="1">
              <value>
                <![CDATA[qwerty]]>
              </value>
            </param>
            <param index="2">
              <value>
                <![CDATA[valid]]>
              </value>
            </param>
          </params>
          <reporter-output>
          </reporter-output>
        </test-method> <!-- testLogin -->
        <test-method is-config="true" signature="teardown()[pri:0, instance:com.srm.tests.LoginTest@f68f0dc]" started-at="2026-04-21T14:06:43 IST" name="teardown" finished-at="2026-04-21T14:06:43 IST" duration-ms="192" status="PASS">
          <reporter-output>
          </reporter-output>
        </test-method> <!-- teardown -->
        <test-method is-config="true" signature="setup()[pri:0, instance:com.srm.tests.LoginTest@f68f0dc]" started-at="2026-04-21T14:06:43 IST" name="setup" finished-at="2026-04-21T14:06:50 IST" duration-ms="7060" status="PASS">
          <reporter-output>
          </reporter-output>
        </test-method> <!-- setup -->
        <test-method signature="testLogin(java.lang.String,java.lang.String,java.lang.String)[pri:0, instance:com.srm.tests.LoginTest@f68f0dc]" started-at="2026-04-21T14:06:50 IST" name="testLogin" data-provider="loginData" finished-at="2026-04-21T14:06:51 IST" duration-ms="621" status="PASS">
          <params>
            <param index="0">
              <value>
                <![CDATA[wrongemail@example.com]]>
              </value>
            </param>
            <param index="1">
              <value>
                <![CDATA[testing]]>
              </value>
            </param>
            <param index="2">
              <value>
                <![CDATA[invalid]]>
              </value>
            </param>
          </params>
          <reporter-output>
          </reporter-output>
        </test-method> <!-- testLogin -->
        <test-method is-config="true" signature="teardown()[pri:0, instance:com.srm.tests.LoginTest@f68f0dc]" started-at="2026-04-21T14:06:51 IST" name="teardown" finished-at="2026-04-21T14:06:51 IST" duration-ms="170" status="PASS">
          <reporter-output>
          </reporter-output>
        </test-method> <!-- teardown -->
      </class> <!-- com.srm.tests.LoginTest -->
      <class name="com.srm.tests.ProductTest">
        <test-method is-config="true" signature="setup()[pri:0, instance:com.srm.tests.ProductTest@3b6d844d]" started-at="2026-04-21T14:07:09 IST" name="setup" finished-at="2026-04-21T14:07:11 IST" duration-ms="1896" status="PASS">
          <reporter-output>
          </reporter-output>
        </test-method> <!-- setup -->
        <test-method signature="testProductModule()[pri:0, instance:com.srm.tests.ProductTest@3b6d844d]" started-at="2026-04-21T14:07:11 IST" name="testProductModule" finished-at="2026-04-21T14:07:13 IST" duration-ms="2139" status="PASS">
          <reporter-output>
          </reporter-output>
        </test-method> <!-- testProductModule -->
        <test-method is-config="true" signature="teardown()[pri:0, instance:com.srm.tests.ProductTest@3b6d844d]" started-at="2026-04-21T14:07:13 IST" name="teardown" finished-at="2026-04-21T14:07:13 IST" duration-ms="132" status="PASS">
          <reporter-output>
          </reporter-output>
        </test-method> <!-- teardown -->
      </class> <!-- com.srm.tests.ProductTest -->
    </test> <!-- Test -->
  </suite> <!-- Suite -->
</testng-results>
