<?xml version="1.0" encoding="UTF-8"?>
<!-- Generated by org.testng.reporters.JUnitReportReporter -->
<testsuite hostname="Hema" failures="0" tests="4" name="com.srm.tests.LoginTest" time="26.606" errors="0" timestamp="2026-04-21T14:07:20 IST" skipped="0">
  <testcase classname="com.srm.tests.LoginTest" name="testLogin" time="9.337"/>
  <testcase classname="com.srm.tests.LoginTest" name="testLogin" time="8.124"/>
  <testcase classname="com.srm.tests.LoginTest" name="testLogin" time="4.557"/>
  <testcase classname="com.srm.tests.LoginTest" name="testLogin" time="4.588"/>
</testsuite> <!-- com.srm.tests.LoginTest -->
